2025-12-09 13:24:31,212 [DEBUG] fetch_trades() INITIATED
2025-12-09 13:24:31,223 [DEBUG] fetch_trades() took 0.01 seconds
2025-12-09 13:24:31,224 [DEBUG] trades_to_df() INITIATED
2025-12-09 13:24:48,600 [DEBUG] fetch_trades() INITIATED
2025-12-09 13:24:48,600 [DEBUG] fetch_trades() INITIATED
2025-12-09 13:24:48,604 [DEBUG] fetch_trades() took 0.00 seconds
2025-12-09 13:24:48,604 [DEBUG] fetch_trades() took 0.00 seconds
2025-12-09 13:24:48,604 [DEBUG] trades_to_df() INITIATED
2025-12-09 13:24:48,604 [DEBUG] trades_to_df() INITIATED
2025-12-09 13:25:31,478 [DEBUG] fetch_trades() INITIATED
2025-12-09 13:25:31,478 [DEBUG] fetch_trades() INITIATED
2025-12-09 13:25:31,478 [DEBUG] fetch_trades() INITIATED
2025-12-09 13:25:31,485 [DEBUG] fetch_trades() took 0.01 seconds
2025-12-09 13:25:31,485 [DEBUG] fetch_trades() took 0.01 seconds
2025-12-09 13:25:31,485 [DEBUG] fetch_trades() took 0.01 seconds
2025-12-09 13:25:31,486 [DEBUG] trades_to_df() INITIATED
2025-12-09 13:25:31,486 [DEBUG] trades_to_df() INITIATED
2025-12-09 13:25:31,486 [DEBUG] trades_to_df() INITIATED
2025-12-09 13:25:41,706 [DEBUG] trades_to_df() took 70.48 seconds
2025-12-09 13:25:41,706 [DEBUG] trades_to_df() took 70.48 seconds
2025-12-09 13:25:41,706 [DEBUG] trades_to_df() took 70.48 seconds
2025-12-09 13:25:41,707 [DEBUG] load_open_trades() INITIATED
2025-12-09 13:25:41,707 [DEBUG] load_open_trades() INITIATED
2025-12-09 13:25:41,707 [DEBUG] load_open_trades() INITIATED
2025-12-09 13:25:48,836 [DEBUG] fetch_trades() INITIATED
2025-12-09 13:25:48,836 [DEBUG] fetch_trades() INITIATED
2025-12-09 13:25:48,836 [DEBUG] fetch_trades() INITIATED
2025-12-09 13:25:48,836 [DEBUG] fetch_trades() INITIATED
2025-12-09 13:25:48,839 [DEBUG] fetch_trades() took 0.00 seconds
2025-12-09 13:25:48,839 [DEBUG] fetch_trades() took 0.00 seconds
2025-12-09 13:25:48,839 [DEBUG] fetch_trades() took 0.00 seconds
2025-12-09 13:25:48,839 [DEBUG] fetch_trades() took 0.00 seconds
2025-12-09 13:25:48,839 [DEBUG] trades_to_df() INITIATED
2025-12-09 13:25:48,839 [DEBUG] trades_to_df() INITIATED
2025-12-09 13:25:48,839 [DEBUG] trades_to_df() INITIATED
2025-12-09 13:25:48,839 [DEBUG] trades_to_df() INITIATED
2025-12-09 13:26:31,470 [DEBUG] fetch_trades() INITIATED
2025-12-09 13:26:31,470 [DEBUG] fetch_trades() INITIATED
2025-12-09 13:26:31,470 [DEBUG] fetch_trades() INITIATED
2025-12-09 13:26:31,470 [DEBUG] fetch_trades() INITIATED
2025-12-09 13:26:31,470 [DEBUG] fetch_trades() INITIATED
2025-12-09 13:26:31,473 [DEBUG] fetch_trades() took 0.00 seconds
2025-12-09 13:26:31,473 [DEBUG] fetch_trades() took 0.00 seconds
2025-12-09 13:26:31,473 [DEBUG] fetch_trades() took 0.00 seconds
2025-12-09 13:26:31,473 [DEBUG] fetch_trades() took 0.00 seconds
2025-12-09 13:26:31,473 [DEBUG] fetch_trades() took 0.00 seconds
2025-12-09 13:26:31,474 [DEBUG] trades_to_df() INITIATED
2025-12-09 13:26:31,474 [DEBUG] trades_to_df() INITIATED
2025-12-09 13:26:31,474 [DEBUG] trades_to_df() INITIATED
2025-12-09 13:26:31,474 [DEBUG] trades_to_df() INITIATED
2025-12-09 13:26:31,474 [DEBUG] trades_to_df() INITIATED
2025-12-09 13:26:48,902 [DEBUG] fetch_trades() INITIATED
2025-12-09 13:26:48,902 [DEBUG] fetch_trades() INITIATED
2025-12-09 13:26:48,902 [DEBUG] fetch_trades() INITIATED
2025-12-09 13:26:48,902 [DEBUG] fetch_trades() INITIATED
2025-12-09 13:26:48,902 [DEBUG] fetch_trades() INITIATED
2025-12-09 13:26:48,902 [DEBUG] fetch_trades() INITIATED
2025-12-09 13:26:48,907 [DEBUG] fetch_trades() took 0.01 seconds
2025-12-09 13:26:48,907 [DEBUG] fetch_trades() took 0.01 seconds
2025-12-09 13:26:48,907 [DEBUG] fetch_trades() took 0.01 seconds
2025-12-09 13:26:48,907 [DEBUG] fetch_trades() took 0.01 seconds
2025-12-09 13:26:48,907 [DEBUG] fetch_trades() took 0.01 seconds
2025-12-09 13:26:48,907 [DEBUG] fetch_trades() took 0.01 seconds
2025-12-09 13:26:48,909 [DEBUG] trades_to_df() INITIATED
2025-12-09 13:26:48,909 [DEBUG] trades_to_df() INITIATED
2025-12-09 13:26:48,909 [DEBUG] trades_to_df() INITIATED
2025-12-09 13:26:48,909 [DEBUG] trades_to_df() INITIATED
2025-12-09 13:26:48,909 [DEBUG] trades_to_df() INITIATED
2025-12-09 13:26:48,909 [DEBUG] trades_to_df() INITIATED
2025-12-09 13:27:31,513 [DEBUG] fetch_trades() INITIATED
2025-12-09 13:27:31,513 [DEBUG] fetch_trades() INITIATED
2025-12-09 13:27:31,513 [DEBUG] fetch_trades() INITIATED
2025-12-09 13:27:31,513 [DEBUG] fetch_trades() INITIATED
2025-12-09 13:27:31,513 [DEBUG] fetch_trades() INITIATED
2025-12-09 13:27:31,513 [DEBUG] fetch_trades() INITIATED
2025-12-09 13:27:31,513 [DEBUG] fetch_trades() INITIATED
2025-12-09 13:27:31,518 [DEBUG] fetch_trades() took 0.00 seconds
2025-12-09 13:27:31,518 [DEBUG] fetch_trades() took 0.00 seconds
2025-12-09 13:27:31,518 [DEBUG] fetch_trades() took 0.00 seconds
2025-12-09 13:27:31,518 [DEBUG] fetch_trades() took 0.00 seconds
2025-12-09 13:27:31,518 [DEBUG] fetch_trades() took 0.00 seconds
2025-12-09 13:27:31,518 [DEBUG] fetch_trades() took 0.00 seconds
2025-12-09 13:27:31,518 [DEBUG] fetch_trades() took 0.00 seconds
2025-12-09 13:27:31,519 [DEBUG] trades_to_df() INITIATED
2025-12-09 13:27:31,519 [DEBUG] trades_to_df() INITIATED
2025-12-09 13:27:31,519 [DEBUG] trades_to_df() INITIATED
2025-12-09 13:27:31,519 [DEBUG] trades_to_df() INITIATED
2025-12-09 13:27:31,519 [DEBUG] trades_to_df() INITIATED
2025-12-09 13:27:31,519 [DEBUG] trades_to_df() INITIATED
2025-12-09 13:27:31,519 [DEBUG] trades_to_df() INITIATED
